#
# There is insufficient memory for the Java Runtime Environment to continue.
# Native memory allocation (mmap) failed to map 52428800 bytes for Failed to commit area from 0x000000008b600000 to 0x000000008e800000 of length 52428800.
# Possible reasons:
#   The system is out of physical RAM or swap space
#   The process is running with CompressedOops enabled, and the Java Heap may be blocking the growth of the native heap
# Possible solutions:
#   Reduce memory load on the system
#   Increase physical memory or swap space
#   Check if swap backing store is full
#   Decrease Java heap size (-Xmx/-Xms)
#   Decrease number of Java threads
#   Decrease Java thread stack sizes (-Xss)
#   Set larger code cache with -XX:ReservedCodeCacheSize=
#   JVM is running with Unscaled Compressed Oops mode in which the Java heap is
#     placed in the first 4GB address space. The Java Heap base address is the
#     maximum limit for the native heap growth. Please use -XX:HeapBaseMinAddress
#     to set the Java Heap base and to place the Java Heap above 4GB virtual address.
# This output file may be truncated or incomplete.
#
#  Out of Memory Error (t:/workspace/open/src/hotspot/os/windows/os_windows.cpp:3275), pid=12032, tid=4528
#
# JRE version: Java(TM) SE Runtime Environment (11.0.4+10) (build 11.0.4+10-LTS)
# Java VM: Java HotSpot(TM) 64-Bit Server VM (11.0.4+10-LTS, mixed mode, tiered, compressed oops, g1 gc, windows-amd64)
# No core dump will be written. Minidumps are not enabled by default on client versions of Windows
#

---------------  S U M M A R Y ------------

Command Line: -XX:TieredStopAtLevel=1 -Xverify:none -Dspring.output.ansi.enabled=always -Dcom.sun.management.jmxremote -Dcom.sun.management.jmxremote.port=52039 -Dcom.sun.management.jmxremote.authenticate=false -Dcom.sun.management.jmxremote.ssl=false -Djava.rmi.server.hostname=localhost -Dspring.liveBeansView.mbeanDomain -Dspring.application.admin.enabled=true -javaagent:C:\Program Files\JetBrains\IntelliJ IDEA 2018.3.2\lib\idea_rt.jar=52040:C:\Program Files\JetBrains\IntelliJ IDEA 2018.3.2\bin -Dfile.encoding=UTF-8 apap.tugas.situ.SituApplication

Host: Intel(R) Core(TM) i5-7200U CPU @ 2.50GHz, 4 cores, 7G,  Windows 10 , 64 bit Build 18362 (10.0.18362.329)
Time: Fri Dec  6 18:52:07 2019 SE Asia Standard Time elapsed time: 8 seconds (0d 0h 0m 8s)

---------------  T H R E A D  ---------------

Current thread (0x000001a70f2d1000):  VMThread "VM Thread" [stack: 0x0000003474900000,0x0000003474a00000] [id=4528]

Stack: [0x0000003474900000,0x0000003474a00000]
[error occurred during error reporting (printing stack bounds), id 0xc0000005, EXCEPTION_ACCESS_VIOLATION (0xc0000005) at pc=0x000001a700000bad]

Native frames: (J=compiled Java code, j=interpreted, Vv=VM code, C=native code)
V  [jvm.dll+0x635bda]
V  [jvm.dll+0x77360f]
V  [jvm.dll+0x774cba]
V  [jvm.dll+0x7752d5]
V  [jvm.dll+0x77528b]
V  [jvm.dll+0x6352e6]
V  [jvm.dll+0x6356a8]
C  [ntdll.dll+0xa11ff]
C  [ntdll.dll+0x6a289]
C  [ntdll.dll+0x9fe6e]
C  0x000001a700000bad

VM_Operation (0x0000003475ffa100): G1CollectForAllocation, mode: safepoint, requested by thread 0x000001a71134b000


---------------  P R O C E S S  ---------------

Threads class SMR info:
_java_thread_list=0x000001a71403a540, length=27, elements={
0x000001a770f6f000, 0x000001a70f2f8000, 0x000001a70f2fc000, 0x000001a70fb1e800,
0x000001a70f306000, 0x000001a70f308000, 0x000001a70fb62800, 0x000001a70f287800,
0x000001a70ff0d000, 0x000001a71056a000, 0x000001a710687000, 0x000001a7106c0000,
0x000001a710758800, 0x000001a710713800, 0x000001a7107d4000, 0x000001a710f62000,
0x000001a710f8c000, 0x000001a711325800, 0x000001a71134b000, 0x000001a711b4e000,
0x000001a7134b7000, 0x000001a7134b6800, 0x000001a7134bb000, 0x000001a7134b8000,
0x000001a7134bc000, 0x000001a7134bd000, 0x000001a7134b9800
}

Java Threads: ( => current thread )
  0x000001a770f6f000 JavaThread "main" [_thread_blocked, id=10800, stack(0x0000003474300000,0x0000003474400000)]
  0x000001a70f2f8000 JavaThread "Reference Handler" daemon [_thread_blocked, id=4636, stack(0x0000003474a00000,0x0000003474b00000)]
  0x000001a70f2fc000 JavaThread "Finalizer" daemon [_thread_blocked, id=2340, stack(0x0000003474b00000,0x0000003474c00000)]
  0x000001a70fb1e800 JavaThread "Signal Dispatcher" daemon [_thread_blocked, id=5040, stack(0x0000003474c00000,0x0000003474d00000)]
  0x000001a70f306000 JavaThread "Attach Listener" daemon [_thread_blocked, id=14456, stack(0x0000003474d00000,0x0000003474e00000)]
  0x000001a70f308000 JavaThread "C1 CompilerThread0" daemon [_thread_blocked, id=14200, stack(0x0000003474e00000,0x0000003474f00000)]
  0x000001a70fb62800 JavaThread "Sweeper thread" daemon [_thread_blocked, id=7924, stack(0x0000003474f00000,0x0000003475000000)]
  0x000001a70f287800 JavaThread "Common-Cleaner" daemon [_thread_blocked, id=16776, stack(0x0000003475000000,0x0000003475100000)]
  0x000001a70ff0d000 JavaThread "Monitor Ctrl-Break" daemon [_thread_in_native, id=19296, stack(0x0000003475100000,0x0000003475200000)]
  0x000001a71056a000 JavaThread "Service Thread" daemon [_thread_blocked, id=4672, stack(0x0000003475200000,0x0000003475300000)]
  0x000001a710687000 JavaThread "C1 CompilerThread1" daemon [_thread_blocked, id=17644, stack(0x0000003475300000,0x0000003475400000)]
  0x000001a7106c0000 JavaThread "RMI TCP Accept-0" daemon [_thread_in_native, id=19736, stack(0x0000003475400000,0x0000003475500000)]
  0x000001a710758800 JavaThread "RMI TCP Accept-52039" daemon [_thread_in_native, id=14464, stack(0x0000003475800000,0x0000003475900000)]
  0x000001a710713800 JavaThread "RMI TCP Accept-0" daemon [_thread_in_native, id=3060, stack(0x0000003475900000,0x0000003475a00000)]
  0x000001a7107d4000 JavaThread "RMI TCP Connection(1)-127.0.0.1" daemon [_thread_in_native, id=13940, stack(0x0000003475b00000,0x0000003475c00000)]
  0x000001a710f62000 JavaThread "RMI TCP Connection(2)-127.0.0.1" daemon [_thread_in_native, id=12864, stack(0x0000003475c00000,0x0000003475d00000)]
  0x000001a710f8c000 JavaThread "RMI Scheduler(0)" daemon [_thread_blocked, id=2612, stack(0x0000003475d00000,0x0000003475e00000)]
  0x000001a711325800 JavaThread "Thread-0" [_thread_blocked, id=10316, stack(0x0000003475e00000,0x0000003475f00000)]
  0x000001a71134b000 JavaThread "restartedMain" [_thread_blocked, id=3540, stack(0x0000003475f00000,0x0000003476000000)]
  0x000001a711b4e000 JavaThread "C1 CompilerThread2" daemon [_thread_blocked, id=14436, stack(0x0000003476300000,0x0000003476400000)]
  0x000001a7134b7000 JavaThread "Catalina-utility-1" [_thread_blocked, id=14100, stack(0x0000003476000000,0x0000003476100000)]
  0x000001a7134b6800 JavaThread "Catalina-utility-2" [_thread_blocked, id=15884, stack(0x0000003476200000,0x0000003476300000)]
  0x000001a7134bb000 JavaThread "container-0" [_thread_blocked, id=13920, stack(0x0000003476400000,0x0000003476500000)]
  0x000001a7134b8000 JavaThread "mysql-cj-abandoned-connection-cleanup" daemon [_thread_blocked, id=17428, stack(0x0000003476500000,0x0000003476600000)]
  0x000001a7134bc000 JavaThread "HikariPool-1 housekeeper" daemon [_thread_blocked, id=10580, stack(0x0000003476700000,0x0000003476800000)]
  0x000001a7134bd000 JavaThread "HikariPool-1 connection adder" daemon [_thread_blocked, id=19472, stack(0x0000003476800000,0x0000003476900000)]
  0x000001a7134b9800 JavaThread "Live Reload Server" daemon [_thread_in_native, id=2316, stack(0x0000003476a00000,0x0000003476b00000)]

Other Threads:
=>0x000001a70f2d1000 VMThread "VM Thread" [stack: 0x0000003474900000,0x0000003474a00000] [id=4528]
  0x000001a710760000 WatcherThread [stack: 0x0000003475a00000,0x0000003475b00000] [id=1716]
  0x000001a770f87000 GCTaskThread "GC Thread#0" [stack: 0x0000003474400000,0x0000003474500000] [id=17880]
  0x000001a710700000 GCTaskThread "GC Thread#1" [stack: 0x0000003475500000,0x0000003475600000] [id=9044]
  0x000001a710701000 GCTaskThread "GC Thread#2" [stack: 0x0000003475600000,0x0000003475700000] [id=7396]
  0x000001a711372800 GCTaskThread "GC Thread#3" [stack: 0x0000003476100000,0x0000003476200000] [id=15584]
  0x000001a770fb5000 ConcurrentGCThread "G1 Main Marker" [stack: 0x0000003474500000,0x0000003474600000] [id=18128]
  0x000001a770fb6800 ConcurrentGCThread "G1 Conc#0" [stack: 0x0000003474600000,0x0000003474700000] [id=16840]
  0x000001a77101d800 ConcurrentGCThread "G1 Refine#0" [stack: 0x0000003474700000,0x0000003474800000] [id=11620]
  0x000001a70fd96800 ConcurrentGCThread "G1 Refine#1" [stack: 0x0000003475700000,0x0000003475800000] [id=3908]
  0x000001a70f13a800 ConcurrentGCThread "G1 Young RemSet Sampling" [stack: 0x0000003474800000,0x0000003474900000] [id=1312]

Threads with active compile tasks:

VM state:at safepoint (normal execution)

VM Mutex/Monitor currently owned by a thread:  ([mutex/lock_event])
[0x000001a770f6d150] Threads_lock - owner thread: 0x000001a70f2d1000
[0x000001a770f6d1e0] Heap_lock - owner thread: 0x000001a71134b000

Heap address: 0x0000000081c00000, size: 2020 MB, Compressed Oops mode: 32-bit
Narrow klass base: 0x0000000000000000, Narrow klass shift: 3
Compressed class space size: 1073741824 Address: 0x0000000100000000

Heap:
 garbage-first heap   total 208896K, used 30720K [0x0000000081c00000, 0x0000000100000000)
  region size 1024K, 10 young (10240K), 10 survivors (10240K)
 Metaspace       used 59005K, capacity 60679K, committed 60928K, reserved 1101824K
  class space    used 7767K, capacity 8392K, committed 8448K, reserved 1048576K
Heap Regions: E=young(eden), S=young(survivor), O=old, HS=humongous(starts), HC=humongous(continues), CS=collection set, F=free, A=archive, TAMS=top-at-mark-start (previous, next)
|   0|0x0000000081c00000, 0x0000000081d00000, 0x0000000081d00000|100%|HS|  |TAMS 0x0000000081d00000, 0x0000000081c00000| Complete 
|   1|0x0000000081d00000, 0x0000000081e00000, 0x0000000081e00000|100%| O|  |TAMS 0x0000000081e00000, 0x0000000081d00000| Untracked 
|   2|0x0000000081e00000, 0x0000000081f00000, 0x0000000081f00000|100%| O|  |TAMS 0x0000000081f00000, 0x0000000081e00000| Untracked 
|   3|0x0000000081f00000, 0x0000000082000000, 0x0000000082000000|100%| O|  |TAMS 0x0000000082000000, 0x0000000081f00000| Untracked 
|   4|0x0000000082000000, 0x0000000082100000, 0x0000000082100000|100%| O|  |TAMS 0x0000000082100000, 0x0000000082000000| Untracked 
|   5|0x0000000082100000, 0x0000000082200000, 0x0000000082200000|100%| O|  |TAMS 0x0000000082200000, 0x0000000082100000| Untracked 
|   6|0x0000000082200000, 0x0000000082300000, 0x0000000082300000|100%| O|  |TAMS 0x0000000082300000, 0x0000000082200000| Untracked 
|   7|0x0000000082300000, 0x0000000082400000, 0x0000000082400000|100%| O|  |TAMS 0x0000000082400000, 0x0000000082300000| Untracked 
|   8|0x0000000082400000, 0x0000000082500000, 0x0000000082500000|100%| O|  |TAMS 0x0000000082500000, 0x0000000082400000| Untracked 
|   9|0x0000000082500000, 0x0000000082600000, 0x0000000082600000|100%| O|  |TAMS 0x0000000082600000, 0x0000000082500000| Untracked 
|  10|0x0000000082600000, 0x0000000082700000, 0x0000000082700000|100%| O|  |TAMS 0x0000000082700000, 0x0000000082600000| Untracked 
|  11|0x0000000082700000, 0x0000000082800000, 0x0000000082800000|100%| O|  |TAMS 0x0000000082800000, 0x0000000082700000| Untracked 
|  12|0x0000000082800000, 0x0000000082900000, 0x0000000082900000|100%| O|  |TAMS 0x0000000082900000, 0x0000000082800000| Untracked 
|  13|0x0000000082900000, 0x0000000082a00000, 0x0000000082a00000|100%| O|  |TAMS 0x0000000082a00000, 0x0000000082900000| Untracked 
|  14|0x0000000082a00000, 0x0000000082b00000, 0x0000000082b00000|100%| O|  |TAMS 0x0000000082b00000, 0x0000000082a00000| Untracked 
|  15|0x0000000082b00000, 0x0000000082c00000, 0x0000000082c00000|100%| O|  |TAMS 0x0000000082c00000, 0x0000000082b00000| Untracked 
|  16|0x0000000082c00000, 0x0000000082d00000, 0x0000000082d00000|100%| O|  |TAMS 0x0000000082d00000, 0x0000000082c00000| Untracked 
|  17|0x0000000082d00000, 0x0000000082e00000, 0x0000000082e00000|100%| O|  |TAMS 0x0000000082e00000, 0x0000000082d00000| Untracked 
|  18|0x0000000082e00000, 0x0000000082f00000, 0x0000000082f00000|100%| O|  |TAMS 0x0000000082e81a00, 0x0000000082e00000| Untracked 
|  19|0x0000000082f00000, 0x0000000083000000, 0x0000000083000000|100%| O|  |TAMS 0x0000000082f00000, 0x0000000082f00000| Untracked 
|  20|0x0000000083000000, 0x0000000083000000, 0x0000000083100000|  0%| F|  |TAMS 0x0000000083000000, 0x0000000083000000| Untracked 
|  21|0x0000000083100000, 0x0000000083100000, 0x0000000083200000|  0%| F|  |TAMS 0x0000000083100000, 0x0000000083100000| Untracked 
|  22|0x0000000083200000, 0x0000000083200000, 0x0000000083300000|  0%| F|  |TAMS 0x0000000083200000, 0x0000000083200000| Untracked 
|  23|0x0000000083300000, 0x0000000083300000, 0x0000000083400000|  0%| F|  |TAMS 0x0000000083300000, 0x0000000083300000| Untracked 
|  24|0x0000000083400000, 0x0000000083400000, 0x0000000083500000|  0%| F|  |TAMS 0x0000000083400000, 0x0000000083400000| Untracked 
|  25|0x0000000083500000, 0x0000000083500000, 0x0000000083600000|  0%| F|  |TAMS 0x0000000083500000, 0x0000000083500000| Untracked 
|  26|0x0000000083600000, 0x0000000083600000, 0x0000000083700000|  0%| F|  |TAMS 0x0000000083600000, 0x0000000083600000| Untracked 
|  27|0x0000000083700000, 0x0000000083700000, 0x0000000083800000|  0%| F|  |TAMS 0x0000000083700000, 0x0000000083700000| Untracked 
|  28|0x0000000083800000, 0x0000000083800000, 0x0000000083900000|  0%| F|  |TAMS 0x0000000083800000, 0x0000000083800000| Untracked 
|  29|0x0000000083900000, 0x0000000083900000, 0x0000000083a00000|  0%| F|  |TAMS 0x0000000083900000, 0x0000000083900000| Untracked 
|  30|0x0000000083a00000, 0x0000000083a00000, 0x0000000083b00000|  0%| F|  |TAMS 0x0000000083a00000, 0x0000000083a00000| Untracked 
|  31|0x0000000083b00000, 0x0000000083b00000, 0x0000000083c00000|  0%| F|  |TAMS 0x0000000083b00000, 0x0000000083b00000| Untracked 
|  32|0x0000000083c00000, 0x0000000083c00000, 0x0000000083d00000|  0%| F|  |TAMS 0x0000000083c00000, 0x0000000083c00000| Untracked 
|  33|0x0000000083d00000, 0x0000000083d00000, 0x0000000083e00000|  0%| F|  |TAMS 0x0000000083d00000, 0x0000000083d00000| Untracked 
|  34|0x0000000083e00000, 0x0000000083e00000, 0x0000000083f00000|  0%| F|  |TAMS 0x0000000083e00000, 0x0000000083e00000| Untracked 
|  35|0x0000000083f00000, 0x0000000083f00000, 0x0000000084000000|  0%| F|  |TAMS 0x0000000083f00000, 0x0000000083f00000| Untracked 
|  36|0x0000000084000000, 0x0000000084000000, 0x0000000084100000|  0%| F|  |TAMS 0x0000000084000000, 0x0000000084000000| Untracked 
|  37|0x0000000084100000, 0x0000000084100000, 0x0000000084200000|  0%| F|  |TAMS 0x0000000084100000, 0x0000000084100000| Untracked 
|  38|0x0000000084200000, 0x0000000084200000, 0x0000000084300000|  0%| F|  |TAMS 0x0000000084200000, 0x0000000084200000| Untracked 
|  39|0x0000000084300000, 0x0000000084300000, 0x0000000084400000|  0%| F|  |TAMS 0x0000000084300000, 0x0000000084300000| Untracked 
|  40|0x0000000084400000, 0x0000000084400000, 0x0000000084500000|  0%| F|  |TAMS 0x0000000084400000, 0x0000000084400000| Untracked 
|  41|0x0000000084500000, 0x0000000084500000, 0x0000000084600000|  0%| F|  |TAMS 0x0000000084500000, 0x0000000084500000| Untracked 
|  42|0x0000000084600000, 0x0000000084600000, 0x0000000084700000|  0%| F|  |TAMS 0x0000000084600000, 0x0000000084600000| Untracked 
|  43|0x0000000084700000, 0x0000000084700000, 0x0000000084800000|  0%| F|  |TAMS 0x0000000084700000, 0x0000000084700000| Untracked 
|  44|0x0000000084800000, 0x0000000084800000, 0x0000000084900000|  0%| F|  |TAMS 0x0000000084800000, 0x0000000084800000| Untracked 
|  45|0x0000000084900000, 0x0000000084900000, 0x0000000084a00000|  0%| F|  |TAMS 0x0000000084900000, 0x0000000084900000| Untracked 
|  46|0x0000000084a00000, 0x0000000084a00000, 0x0000000084b00000|  0%| F|  |TAMS 0x0000000084a00000, 0x0000000084a00000| Untracked 
|  47|0x0000000084b00000, 0x0000000084b00000, 0x0000000084c00000|  0%| F|  |TAMS 0x0000000084b00000, 0x0000000084b00000| Untracked 
|  48|0x0000000084c00000, 0x0000000084c00000, 0x0000000084d00000|  0%| F|  |TAMS 0x0000000084c00000, 0x0000000084c00000| Untracked 
|  49|0x0000000084d00000, 0x0000000084d00000, 0x0000000084e00000|  0%| F|  |TAMS 0x0000000084d00000, 0x0000000084d00000| Untracked 
|  50|0x0000000084e00000, 0x0000000084e00000, 0x0000000084f00000|  0%| F|  |TAMS 0x0000000084e00000, 0x0000000084e00000| Untracked 
|  51|0x0000000084f00000, 0x0000000084f00000, 0x0000000085000000|  0%| F|  |TAMS 0x0000000084f00000, 0x0000000084f00000| Untracked 
|  52|0x0000000085000000, 0x0000000085100000, 0x0000000085100000|100%| S|CS|TAMS 0x0000000085000000, 0x0000000085000000| Complete 
|  53|0x0000000085100000, 0x0000000085200000, 0x0000000085200000|100%| S|CS|TAMS 0x0000000085100000, 0x0000000085100000| Complete 
|  54|0x0000000085200000, 0x0000000085300000, 0x0000000085300000|100%| S|CS|TAMS 0x0000000085200000, 0x0000000085200000| Complete 
|  55|0x0000000085300000, 0x0000000085400000, 0x0000000085400000|100%| S|CS|TAMS 0x0000000085300000, 0x0000000085300000| Complete 
|  56|0x0000000085400000, 0x0000000085500000, 0x0000000085500000|100%| S|CS|TAMS 0x0000000085400000, 0x0000000085400000| Complete 
|  57|0x0000000085500000, 0x0000000085600000, 0x0000000085600000|100%| S|CS|TAMS 0x0000000085500000, 0x0000000085500000| Complete 
|  58|0x0000000085600000, 0x0000000085700000, 0x0000000085700000|100%| S|CS|TAMS 0x0000000085600000, 0x0000000085600000| Complete 
|  59|0x0000000085700000, 0x0000000085800000, 0x0000000085800000|100%| S|CS|TAMS 0x0000000085700000, 0x0000000085700000| Complete 
|  60|0x0000000085800000, 0x0000000085900000, 0x0000000085900000|100%| S|CS|TAMS 0x0000000085800000, 0x0000000085800000| Complete 
|  61|0x0000000085900000, 0x0000000085a00000, 0x0000000085a00000|100%| S|CS|TAMS 0x0000000085900000, 0x0000000085900000| Complete 
|  62|0x0000000085a00000, 0x0000000085a00000, 0x0000000085b00000|  0%| F|  |TAMS 0x0000000085a00000, 0x0000000085a00000| Untracked 
|  63|0x0000000085b00000, 0x0000000085b00000, 0x0000000085c00000|  0%| F|  |TAMS 0x0000000085b00000, 0x0000000085b00000| Untracked 
|  64|0x0000000085c00000, 0x0000000085c00000, 0x0000000085d00000|  0%| F|  |TAMS 0x0000000085c00000, 0x0000000085c00000| Untracked 
|  65|0x0000000085d00000, 0x0000000085d00000, 0x0000000085e00000|  0%| F|  |TAMS 0x0000000085d00000, 0x0000000085d00000| Untracked 
|  66|0x0000000085e00000, 0x0000000085e00000, 0x0000000085f00000|  0%| F|  |TAMS 0x0000000085e00000, 0x0000000085e00000| Untracked 
|  67|0x0000000085f00000, 0x0000000085f00000, 0x0000000086000000|  0%| F|  |TAMS 0x0000000085f00000, 0x0000000085f00000| Untracked 
|  68|0x0000000086000000, 0x0000000086000000, 0x0000000086100000|  0%| F|  |TAMS 0x0000000086000000, 0x0000000086000000| Untracked 
|  69|0x0000000086100000, 0x0000000086100000, 0x0000000086200000|  0%| F|  |TAMS 0x0000000086100000, 0x0000000086100000| Untracked 
|  70|0x0000000086200000, 0x0000000086200000, 0x0000000086300000|  0%| F|  |TAMS 0x0000000086200000, 0x0000000086200000| Untracked 
|  71|0x0000000086300000, 0x0000000086300000, 0x0000000086400000|  0%| F|  |TAMS 0x0000000086300000, 0x0000000086300000| Untracked 
|  72|0x0000000086400000, 0x0000000086400000, 0x0000000086500000|  0%| F|  |TAMS 0x0000000086400000, 0x0000000086400000| Untracked 
|  73|0x0000000086500000, 0x0000000086500000, 0x0000000086600000|  0%| F|  |TAMS 0x0000000086500000, 0x0000000086500000| Untracked 
|  74|0x0000000086600000, 0x0000000086600000, 0x0000000086700000|  0%| F|  |TAMS 0x0000000086600000, 0x0000000086600000| Untracked 
|  75|0x0000000086700000, 0x0000000086700000, 0x0000000086800000|  0%| F|  |TAMS 0x0000000086700000, 0x0000000086700000| Untracked 
|  76|0x0000000086800000, 0x0000000086800000, 0x0000000086900000|  0%| F|  |TAMS 0x0000000086800000, 0x0000000086800000| Untracked 
|  77|0x0000000086900000, 0x0000000086900000, 0x0000000086a00000|  0%| F|  |TAMS 0x0000000086900000, 0x0000000086900000| Untracked 
|  78|0x0000000086a00000, 0x0000000086a00000, 0x0000000086b00000|  0%| F|  |TAMS 0x0000000086a00000, 0x0000000086a00000| Untracked 
|  79|0x0000000086b00000, 0x0000000086b00000, 0x0000000086c00000|  0%| F|  |TAMS 0x0000000086b00000, 0x0000000086b00000| Untracked 
|  80|0x0000000086c00000, 0x0000000086c00000, 0x0000000086d00000|  0%| F|  |TAMS 0x0000000086c00000, 0x0000000086c00000| Untracked 
|  81|0x0000000086d00000, 0x0000000086d00000, 0x0000000086e00000|  0%| F|  |TAMS 0x0000000086d00000, 0x0000000086d00000| Untracked 
|  82|0x0000000086e00000, 0x0000000086e00000, 0x0000000086f00000|  0%| F|  |TAMS 0x0000000086e00000, 0x0000000086e00000| Untracked 
|  83|0x0000000086f00000, 0x0000000086f00000, 0x0000000087000000|  0%| F|  |TAMS 0x0000000086f00000, 0x0000000086f00000| Untracked 
|  84|0x0000000087000000, 0x0000000087000000, 0x0000000087100000|  0%| F|  |TAMS 0x0000000087000000, 0x0000000087000000| Untracked 
|  85|0x0000000087100000, 0x0000000087100000, 0x0000000087200000|  0%| F|  |TAMS 0x0000000087100000, 0x0000000087100000| Untracked 
|  86|0x0000000087200000, 0x0000000087200000, 0x0000000087300000|  0%| F|  |TAMS 0x0000000087200000, 0x0000000087200000| Untracked 
|  87|0x0000000087300000, 0x0000000087300000, 0x0000000087400000|  0%| F|  |TAMS 0x0000000087300000, 0x0000000087300000| Untracked 
|  88|0x0000000087400000, 0x0000000087400000, 0x0000000087500000|  0%| F|  |TAMS 0x0000000087400000, 0x0000000087400000| Untracked 
|  89|0x0000000087500000, 0x0000000087500000, 0x0000000087600000|  0%| F|  |TAMS 0x0000000087500000, 0x0000000087500000| Untracked 
|  90|0x0000000087600000, 0x0000000087600000, 0x0000000087700000|  0%| F|  |TAMS 0x0000000087600000, 0x0000000087600000| Untracked 
|  91|0x0000000087700000, 0x0000000087700000, 0x0000000087800000|  0%| F|  |TAMS 0x0000000087700000, 0x0000000087700000| Untracked 
|  92|0x0000000087800000, 0x0000000087800000, 0x0000000087900000|  0%| F|  |TAMS 0x0000000087800000, 0x0000000087800000| Untracked 
|  93|0x0000000087900000, 0x0000000087900000, 0x0000000087a00000|  0%| F|  |TAMS 0x0000000087900000, 0x0000000087900000| Untracked 
|  94|0x0000000087a00000, 0x0000000087a00000, 0x0000000087b00000|  0%| F|  |TAMS 0x0000000087a00000, 0x0000000087a00000| Untracked 
|  95|0x0000000087b00000, 0x0000000087b00000, 0x0000000087c00000|  0%| F|  |TAMS 0x0000000087b00000, 0x0000000087b00000| Untracked 
|  96|0x0000000087c00000, 0x0000000087c00000, 0x0000000087d00000|  0%| F|  |TAMS 0x0000000087c00000, 0x0000000087c00000| Untracked 
|  97|0x0000000087d00000, 0x0000000087d00000, 0x0000000087e00000|  0%| F|  |TAMS 0x0000000087d00000, 0x0000000087d00000| Untracked 
|  98|0x0000000087e00000, 0x0000000087e00000, 0x0000000087f00000|  0%| F|  |TAMS 0x0000000087e00000, 0x0000000087e00000| Untracked 
|  99|0x0000000087f00000, 0x0000000087f00000, 0x0000000088000000|  0%| F|  |TAMS 0x0000000087f00000, 0x0000000087f00000| Untracked 
| 100|0x0000000088000000, 0x0000000088000000, 0x0000000088100000|  0%| F|  |TAMS 0x0000000088000000, 0x0000000088000000| Untracked 
| 101|0x0000000088100000, 0x0000000088100000, 0x0000000088200000|  0%| F|  |TAMS 0x0000000088100000, 0x0000000088100000| Untracked 
| 102|0x0000000088200000, 0x0000000088200000, 0x0000000088300000|  0%| F|  |TAMS 0x0000000088200000, 0x0000000088200000| Untracked 
| 103|0x0000000088300000, 0x0000000088300000, 0x0000000088400000|  0%| F|  |TAMS 0x0000000088300000, 0x0000000088300000| Untracked 
| 104|0x0000000088400000, 0x0000000088400000, 0x0000000088500000|  0%| F|  |TAMS 0x0000000088400000, 0x0000000088400000| Untracked 
| 105|0x0000000088500000, 0x0000000088500000, 0x0000000088600000|  0%| F|  |TAMS 0x0000000088500000, 0x0000000088500000| Untracked 
| 106|0x0000000088600000, 0x0000000088600000, 0x0000000088700000|  0%| F|  |TAMS 0x0000000088600000, 0x0000000088600000| Untracked 
| 107|0x0000000088700000, 0x0000000088700000, 0x0000000088800000|  0%| F|  |TAMS 0x0000000088700000, 0x0000000088700000| Untracked 
| 108|0x0000000088800000, 0x0000000088800000, 0x0000000088900000|  0%| F|  |TAMS 0x0000000088800000, 0x0000000088800000| Untracked 
| 109|0x0000000088900000, 0x0000000088900000, 0x0000000088a00000|  0%| F|  |TAMS 0x0000000088900000, 0x0000000088900000| Untracked 
| 110|0x0000000088a00000, 0x0000000088a00000, 0x0000000088b00000|  0%| F|  |TAMS 0x0000000088a00000, 0x0000000088a00000| Untracked 
| 111|0x0000000088b00000, 0x0000000088b00000, 0x0000000088c00000|  0%| F|  |TAMS 0x0000000088b00000, 0x0000000088b00000| Untracked 
| 112|0x0000000088c00000, 0x0000000088c00000, 0x0000000088d00000|  0%| F|  |TAMS 0x0000000088c00000, 0x0000000088c00000| Untracked 
| 113|0x0000000088d00000, 0x0000000088d00000, 0x0000000088e00000|  0%| F|  |TAMS 0x0000000088d00000, 0x0000000088d00000| Untracked 
| 114|0x0000000088e00000, 0x0000000088e00000, 0x0000000088f00000|  0%| F|  |TAMS 0x0000000088e00000, 0x0000000088e00000| Untracked 
| 115|0x0000000088f00000, 0x0000000088f00000, 0x0000000089000000|  0%| F|  |TAMS 0x0000000088f00000, 0x0000000088f00000| Untracked 
| 116|0x0000000089000000, 0x0000000089000000, 0x0000000089100000|  0%| F|  |TAMS 0x0000000089000000, 0x0000000089000000| Untracked 
| 117|0x0000000089100000, 0x0000000089100000, 0x0000000089200000|  0%| F|  |TAMS 0x0000000089100000, 0x0000000089100000| Untracked 
| 118|0x0000000089200000, 0x0000000089200000, 0x0000000089300000|  0%| F|  |TAMS 0x0000000089200000, 0x0000000089200000| Untracked 
| 119|0x0000000089300000, 0x0000000089300000, 0x0000000089400000|  0%| F|  |TAMS 0x0000000089300000, 0x0000000089300000| Untracked 
| 120|0x0000000089400000, 0x0000000089400000, 0x0000000089500000|  0%| F|  |TAMS 0x0000000089400000, 0x0000000089400000| Untracked 
| 121|0x0000000089500000, 0x0000000089500000, 0x0000000089600000|  0%| F|  |TAMS 0x0000000089500000, 0x0000000089500000| Untracked 
| 122|0x0000000089600000, 0x0000000089600000, 0x0000000089700000|  0%| F|  |TAMS 0x0000000089600000, 0x0000000089600000| Untracked 
| 123|0x0000000089700000, 0x0000000089700000, 0x0000000089800000|  0%| F|  |TAMS 0x0000000089700000, 0x0000000089700000| Untracked 
| 124|0x0000000089800000, 0x0000000089800000, 0x0000000089900000|  0%| F|  |TAMS 0x0000000089800000, 0x0000000089800000| Untracked 
| 125|0x0000000089900000, 0x0000000089900000, 0x0000000089a00000|  0%| F|  |TAMS 0x0000000089900000, 0x0000000089900000| Untracked 
| 126|0x0000000089a00000, 0x0000000089a00000, 0x0000000089b00000|  0%| F|  |TAMS 0x0000000089a00000, 0x0000000089a00000| Untracked 
| 127|0x0000000089b00000, 0x0000000089b00000, 0x0000000089c00000|  0%| F|  |TAMS 0x0000000089b00000, 0x0000000089b00000| Untracked 
| 128|0x0000000089c00000, 0x0000000089c00000, 0x0000000089d00000|  0%| F|  |TAMS 0x0000000089c00000, 0x0000000089c00000| Untracked 
| 129|0x0000000089d00000, 0x0000000089d00000, 0x0000000089e00000|  0%| F|  |TAMS 0x0000000089d00000, 0x0000000089d00000| Untracked 
| 130|0x0000000089e00000, 0x0000000089e00000, 0x0000000089f00000|  0%| F|  |TAMS 0x0000000089e00000, 0x0000000089e00000| Untracked 
| 131|0x0000000089f00000, 0x0000000089f00000, 0x000000008a000000|  0%| F|  |TAMS 0x0000000089f00000, 0x0000000089f00000| Untracked 
| 132|0x000000008a000000, 0x000000008a000000, 0x000000008a100000|  0%| F|  |TAMS 0x000000008a000000, 0x000000008a000000| Untracked 
| 133|0x000000008a100000, 0x000000008a100000, 0x000000008a200000|  0%| F|  |TAMS 0x000000008a100000, 0x000000008a100000| Untracked 
| 134|0x000000008a200000, 0x000000008a200000, 0x000000008a300000|  0%| F|  |TAMS 0x000000008a200000, 0x000000008a200000| Untracked 
| 135|0x000000008a300000, 0x000000008a300000, 0x000000008a400000|  0%| F|  |TAMS 0x000000008a300000, 0x000000008a300000| Untracked 
| 136|0x000000008a400000, 0x000000008a400000, 0x000000008a500000|  0%| F|  |TAMS 0x000000008a400000, 0x000000008a400000| Untracked 
| 137|0x000000008a500000, 0x000000008a500000, 0x000000008a600000|  0%| F|  |TAMS 0x000000008a500000, 0x000000008a500000| Untracked 
| 138|0x000000008a600000, 0x000000008a600000, 0x000000008a700000|  0%| F|  |TAMS 0x000000008a600000, 0x000000008a600000| Untracked 
| 139|0x000000008a700000, 0x000000008a700000, 0x000000008a800000|  0%| F|  |TAMS 0x000000008a700000, 0x000000008a700000| Untracked 
| 140|0x000000008a800000, 0x000000008a800000, 0x000000008a900000|  0%| F|  |TAMS 0x000000008a800000, 0x000000008a800000| Untracked 
| 141|0x000000008a900000, 0x000000008a900000, 0x000000008aa00000|  0%| F|  |TAMS 0x000000008a900000, 0x000000008a900000| Untracked 
| 142|0x000000008aa00000, 0x000000008aa00000, 0x000000008ab00000|  0%| F|  |TAMS 0x000000008aa00000, 0x000000008aa00000| Untracked 
| 143|0x000000008ab00000, 0x000000008ab00000, 0x000000008ac00000|  0%| F|  |TAMS 0x000000008ab00000, 0x000000008ab00000| Untracked 
| 144|0x000000008ac00000, 0x000000008ac00000, 0x000000008ad00000|  0%| F|  |TAMS 0x000000008ac00000, 0x000000008ac00000| Untracked 
| 145|0x000000008ad00000, 0x000000008ad00000, 0x000000008ae00000|  0%| F|  |TAMS 0x000000008ad00000, 0x000000008ad00000| Untracked 
| 146|0x000000008ae00000, 0x000000008ae00000, 0x000000008af00000|  0%| F|  |TAMS 0x000000008ae00000, 0x000000008ae00000| Untracked 
| 147|0x000000008af00000, 0x000000008af00000, 0x000000008b000000|  0%| F|  |TAMS 0x000000008af00000, 0x000000008af00000| Untracked 
| 148|0x000000008b000000, 0x000000008b000000, 0x000000008b100000|  0%| F|  |TAMS 0x000000008b000000, 0x000000008b000000| Untracked 
| 149|0x000000008b100000, 0x000000008b100000, 0x000000008b200000|  0%| F|  |TAMS 0x000000008b100000, 0x000000008b100000| Untracked 
| 150|0x000000008b200000, 0x000000008b200000, 0x000000008b300000|  0%| F|  |TAMS 0x000000008b200000, 0x000000008b200000| Untracked 
| 151|0x000000008b300000, 0x000000008b300000, 0x000000008b400000|  0%| F|  |TAMS 0x000000008b300000, 0x000000008b300000| Untracked 
| 152|0x000000008b400000, 0x000000008b400000, 0x000000008b500000|  0%| F|  |TAMS 0x000000008b400000, 0x000000008b400000| Untracked 
| 153|0x000000008b500000, 0x000000008b500000, 0x000000008b600000|  0%| F|  |TAMS 0x000000008b500000, 0x000000008b500000| Untracked 

Card table byte_map: [0x000001a779690000,0x000001a779a90000] _byte_map_base: 0x000001a779282000

Marking Bits (Prev, Next): (CMBitMap*) 0x000001a770fac8d0, (CMBitMap*) 0x000001a770fac898
 Prev Bits: [0x000001a77be20000, 0x000001a77ddb0000)
 Next Bits: [0x000001a779e90000, 0x000001a77be20000)

Polling page: 0x000001a76ed70000

Metaspace:

Usage:
  Non-class:     51.06 MB capacity,    50.04 MB ( 98%) used,   855.24 KB (  2%) free+waste,   194.06 KB ( <1%) overhead. 
      Class:      8.20 MB capacity,     7.59 MB ( 93%) used,   529.81 KB (  6%) free+waste,    94.56 KB (  1%) overhead. 
       Both:     59.26 MB capacity,    57.62 MB ( 97%) used,     1.35 MB (  2%) free+waste,   288.63 KB ( <1%) overhead. 

Virtual space:
  Non-class space:       52.00 MB reserved,      51.25 MB ( 99%) committed 
      Class space:        1.00 GB reserved,       8.25 MB ( <1%) committed 
             Both:        1.05 GB reserved,      59.50 MB (  6%) committed 

Chunk freelists:
   Non-Class:  128 bytes
       Class:  0 bytes
        Both:  128 bytes

CodeHeap 'non-profiled nmethods': size=238912Kb used=9759Kb max_used=9759Kb free=229152Kb
 bounds [0x000001a7006b0000, 0x000001a701040000, 0x000001a70f000000]
CodeHeap 'non-nmethods': size=6848Kb used=2369Kb max_used=2369Kb free=4478Kb
 bounds [0x000001a700000000, 0x000001a700270000, 0x000001a7006b0000]
 total_blobs=6441 nmethods=5781 adapters=536
 compilation: enabled
              stopped_count=0, restarted_count=0
 full_count=0

Compilation events (10 events):
Event: 8.106 Thread 0x000001a70f308000 nmethod 5806 0x000001a701031a90 code [0x000001a701031c40, 0x000001a701031d58]
Event: 8.106 Thread 0x000001a710687000 nmethod 5804 0x000001a701031e10 code [0x000001a701031fc0, 0x000001a7010320d8]
Event: 8.106 Thread 0x000001a70f308000 5807       1       java.beans.FeatureDescriptor::setPreferred (6 bytes)
Event: 8.106 Thread 0x000001a70f308000 nmethod 5807 0x000001a701032190 code [0x000001a701032340, 0x000001a701032458]
Event: 8.107 Thread 0x000001a710687000 5808       1       java.beans.Introspector::addPropertyDescriptor (265 bytes)
Event: 8.108 Thread 0x000001a711b4e000 5809   !   1       java.beans.PropertyDescriptor::findPropertyType (144 bytes)
Event: 8.109 Thread 0x000001a710687000 nmethod 5808 0x000001a701032510 code [0x000001a7010328e0, 0x000001a701033f00]
Event: 8.110 Thread 0x000001a711b4e000 nmethod 5809 0x000001a701034990 code [0x000001a701034dc0, 0x000001a701036070]
Event: 8.117 Thread 0x000001a70f308000 5810       1       org.springframework.core.annotation.AnnotationUtils::searchOnInterfaces (106 bytes)
Event: 8.117 Thread 0x000001a70f308000 nmethod 5810 0x000001a701037510 code [0x000001a701037720, 0x000001a701037a20]

GC Heap History (10 events):
Event: 4.460 GC heap after
{Heap after GC invocations=9 (full 0):
 garbage-first heap   total 131072K, used 18080K [0x0000000081c00000, 0x0000000100000000)
  region size 1024K, 9 young (9216K), 9 survivors (9216K)
 Metaspace       used 33006K, capacity 34104K, committed 34304K, reserved 1079296K
  class space    used 4135K, capacity 4530K, committed 4608K, reserved 1048576K
}
Event: 4.708 GC heap before
{Heap before GC invocations=9 (full 0):
 garbage-first heap   total 131072K, used 38560K [0x0000000081c00000, 0x0000000100000000)
  region size 1024K, 30 young (30720K), 9 survivors (9216K)
 Metaspace       used 34577K, capacity 35775K, committed 35840K, reserved 1081344K
  class space    used 4382K, capacity 4848K, committed 4864K, reserved 1048576K
}
Event: 4.726 GC heap after
{Heap after GC invocations=10 (full 0):
 garbage-first heap   total 157696K, used 19756K [0x0000000081c00000, 0x0000000100000000)
  region size 1024K, 7 young (7168K), 7 survivors (7168K)
 Metaspace       used 34577K, capacity 35775K, committed 35840K, reserved 1081344K
  class space    used 4382K, capacity 4848K, committed 4864K, reserved 1048576K
}
Event: 4.972 GC heap before
{Heap before GC invocations=11 (full 0):
 garbage-first heap   total 157696K, used 105772K [0x0000000081c00000, 0x0000000100000000)
  region size 1024K, 92 young (94208K), 7 survivors (7168K)
 Metaspace       used 36497K, capacity 37742K, committed 37888K, reserved 1081344K
  class space    used 4575K, capacity 5031K, committed 5120K, reserved 1048576K
}
Event: 4.981 GC heap after
{Heap after GC invocations=12 (full 0):
 garbage-first heap   total 157696K, used 21008K [0x0000000081c00000, 0x0000000100000000)
  region size 1024K, 8 young (8192K), 8 survivors (8192K)
 Metaspace       used 36497K, capacity 37742K, committed 37888K, reserved 1081344K
  class space    used 4575K, capacity 5031K, committed 5120K, reserved 1048576K
}
Event: 5.970 GC heap before
{Heap before GC invocations=12 (full 0):
 garbage-first heap   total 157696K, used 106000K [0x0000000081c00000, 0x0000000100000000)
  region size 1024K, 92 young (94208K), 8 survivors (8192K)
 Metaspace       used 46656K, capacity 47998K, committed 48256K, reserved 1091584K
  class space    used 5997K, capacity 6507K, committed 6528K, reserved 1048576K
}
Event: 5.994 GC heap after
{Heap after GC invocations=13 (full 0):
 garbage-first heap   total 157696K, used 24995K [0x0000000081c00000, 0x0000000100000000)
  region size 1024K, 11 young (11264K), 11 survivors (11264K)
 Metaspace       used 46656K, capacity 47998K, committed 48256K, reserved 1091584K
  class space    used 5997K, capacity 6507K, committed 6528K, reserved 1048576K
}
Event: 6.448 GC heap before
{Heap before GC invocations=13 (full 0):
 garbage-first heap   total 157696K, used 54691K [0x0000000081c00000, 0x0000000100000000)
  region size 1024K, 41 young (41984K), 11 survivors (11264K)
 Metaspace       used 50786K, capacity 52136K, committed 52224K, reserved 1099776K
  class space    used 6600K, capacity 7114K, committed 7168K, reserved 1048576K
}
Event: 6.467 GC heap after
{Heap after GC invocations=14 (full 0):
 garbage-first heap   total 157696K, used 26118K [0x0000000081c00000, 0x0000000100000000)
  region size 1024K, 7 young (7168K), 7 survivors (7168K)
 Metaspace       used 50786K, capacity 52136K, committed 52224K, reserved 1099776K
  class space    used 6600K, capacity 7114K, committed 7168K, reserved 1048576K
}
Event: 8.118 GC heap before
{Heap before GC invocations=15 (full 0):
 garbage-first heap   total 157696K, used 113158K [0x0000000081c00000, 0x0000000100000000)
  region size 1024K, 92 young (94208K), 7 survivors (7168K)
 Metaspace       used 59005K, capacity 60679K, committed 60928K, reserved 1101824K
  class space    used 7767K, capacity 8392K, committed 8448K, reserved 1048576K
}

Deoptimization events (0 events):
No events

Classes redefined (0 events):
No events

Internal exceptions (10 events):
Event: 8.073 Thread 0x000001a71134b000 Exception <a 'java/lang/reflect/InvocationTargetException'{0x0000000085e68028}> (0x0000000085e68028) thrown at [t:/workspace/open/src/hotspot/share/runtime/reflection.cpp, line 1242]
Event: 8.105 Thread 0x000001a71134b000 Exception <a 'java/lang/ClassNotFoundException'{0x0000000085b75b80}: java/lang/ObjectCustomizer> (0x0000000085b75b80) thrown at [t:/workspace/open/src/hotspot/share/classfile/systemDictionary.cpp, line 231]
Event: 8.106 Thread 0x000001a71134b000 Exception <a 'java/lang/ClassNotFoundException'{0x0000000085b98038}: org/springframework/security/config/annotation/web/configuration/WebSecurityConfigurerAdapterCustomizer> (0x0000000085b98038) thrown at [t:/workspace/open/src/hotspot/share/classfile/sys
Event: 8.107 Thread 0x000001a71134b000 Exception <a 'java/lang/ClassNotFoundException'{0x0000000085bb9da8}: apap/tugas/situ/security/WebSecurityConfigCustomizer> (0x0000000085bb9da8) thrown at [t:/workspace/open/src/hotspot/share/classfile/systemDictionary.cpp, line 231]
Event: 8.107 Thread 0x000001a71134b000 Exception <a 'java/lang/ClassNotFoundException'{0x0000000085bda350}: apap/tugas/situ/security/WebSecurityConfig$$EnhancerBySpringCGLIB$$9de7ce1bCustomizer> (0x0000000085bda350) thrown at [t:/workspace/open/src/hotspot/share/classfile/systemDictionary.cpp,
Event: 8.108 Thread 0x000001a71134b000 Exception <a 'java/lang/ClassNotFoundException'{0x0000000085a066d0}: org/springframework/context/annotation/ConfigurationClassEnhancer$EnhancedConfigurationCustomizer> (0x0000000085a066d0) thrown at [t:/workspace/open/src/hotspot/share/classfile/systemDic
Event: 8.109 Thread 0x000001a71134b000 Exception <a 'java/lang/ClassNotFoundException'{0x0000000085a1d848}: org/springframework/beans/factory/BeanFactoryAwareCustomizer> (0x0000000085a1d848) thrown at [t:/workspace/open/src/hotspot/share/classfile/systemDictionary.cpp, line 231]
Event: 8.109 Thread 0x000001a71134b000 Exception <a 'java/lang/ClassNotFoundException'{0x0000000085a33218}: org/springframework/beans/factory/AwareCustomizer> (0x0000000085a33218) thrown at [t:/workspace/open/src/hotspot/share/classfile/systemDictionary.cpp, line 231]
Event: 8.110 Thread 0x000001a71134b000 Exception <a 'java/lang/ClassNotFoundException'{0x0000000085a4e508}: org/springframework/security/config/annotation/web/WebSecurityConfigurerCustomizer> (0x0000000085a4e508) thrown at [t:/workspace/open/src/hotspot/share/classfile/systemDictionary.cpp, li
Event: 8.110 Thread 0x000001a71134b000 Exception <a 'java/lang/ClassNotFoundException'{0x0000000085a68990}: org/springframework/security/config/annotation/SecurityConfigurerCustomizer> (0x0000000085a68990) thrown at [t:/workspace/open/src/hotspot/share/classfile/systemDictionary.cpp, line 231]

Events (10 events):
Event: 8.110 loading class org/springframework/security/config/annotation/SecurityConfigurerCustomizer done
Event: 8.110 loading class org/springframework/security/config/annotation/SecurityConfigurerCustomizer
Event: 8.110 loading class org/springframework/security/config/annotation/SecurityConfigurerCustomizer done
Event: 8.110 loading class org/springframework/security/config/annotation/SecurityConfigurerCustomizer
Event: 8.110 loading class org/springframework/security/config/annotation/SecurityConfigurerCustomizer done
Event: 8.116 loading class org/springframework/security/config/annotation/configuration/AutowireBeanFactoryObjectPostProcessor
Event: 8.116 loading class org/springframework/security/config/annotation/configuration/AutowireBeanFactoryObjectPostProcessor done
Event: 8.117 loading class org/springframework/security/config/annotation/web/configuration/WebSecurityConfigurerAdapter$LazyPasswordEncoder
Event: 8.117 loading class org/springframework/security/config/annotation/web/configuration/WebSecurityConfigurerAdapter$LazyPasswordEncoder done
Event: 8.118 Executing VM operation: G1CollectForAllocation


Dynamic libraries:
0x00007ff62ff70000 - 0x00007ff62ffb7000 	C:\Program Files\Java\jdk-11.0.4\bin\java.exe
0x00007ffebeee0000 - 0x00007ffebf0d0000 	C:\WINDOWS\SYSTEM32\ntdll.dll
0x00007ffebe440000 - 0x00007ffebe4f2000 	C:\WINDOWS\System32\KERNEL32.DLL
0x00007ffebbf70000 - 0x00007ffebc213000 	C:\WINDOWS\System32\KERNELBASE.dll
0x00007ffebec30000 - 0x00007ffebecd3000 	C:\WINDOWS\System32\ADVAPI32.dll
0x00007ffebcf90000 - 0x00007ffebd02e000 	C:\WINDOWS\System32\msvcrt.dll
0x00007ffebe520000 - 0x00007ffebe5b7000 	C:\WINDOWS\System32\sechost.dll
0x00007ffebdd90000 - 0x00007ffebdeb0000 	C:\WINDOWS\System32\RPCRT4.dll
0x00007ffebea90000 - 0x00007ffebec24000 	C:\WINDOWS\System32\USER32.dll
0x00007ffebc700000 - 0x00007ffebc721000 	C:\WINDOWS\System32\win32u.dll
0x00007ffebd030000 - 0x00007ffebd056000 	C:\WINDOWS\System32\GDI32.dll
0x00007ffebc240000 - 0x00007ffebc3d4000 	C:\WINDOWS\System32\gdi32full.dll
0x00007ffebc660000 - 0x00007ffebc6fe000 	C:\WINDOWS\System32\msvcp_win.dll
0x00007ffebc560000 - 0x00007ffebc65a000 	C:\WINDOWS\System32\ucrtbase.dll
0x00007ffead3c0000 - 0x00007ffead645000 	C:\WINDOWS\WinSxS\amd64_microsoft.windows.common-controls_6595b64144ccf1df_6.0.18362.476_none_e6c4b11b130f2595\COMCTL32.dll
0x00007ffebe100000 - 0x00007ffebe436000 	C:\WINDOWS\System32\combase.dll
0x00007ffebc730000 - 0x00007ffebc7b0000 	C:\WINDOWS\System32\bcryptPrimitives.dll
0x00007ffeb27a0000 - 0x00007ffeb27aa000 	C:\WINDOWS\SYSTEM32\VERSION.dll
0x00007ffebdd60000 - 0x00007ffebdd8e000 	C:\WINDOWS\System32\IMM32.DLL
0x00007ffeb86d0000 - 0x00007ffeb86e6000 	C:\Program Files\Java\jdk-11.0.4\bin\vcruntime140.dll
0x00007ffe93ab0000 - 0x00007ffe93b5a000 	C:\Program Files\Java\jdk-11.0.4\bin\msvcp140.dll
0x00007ffe86790000 - 0x00007ffe872b7000 	C:\Program Files\Java\jdk-11.0.4\bin\server\jvm.dll
0x00007ffebdeb0000 - 0x00007ffebdeb8000 	C:\WINDOWS\System32\PSAPI.DLL
0x00007ffeb84f0000 - 0x00007ffeb8514000 	C:\WINDOWS\SYSTEM32\WINMM.dll
0x00007ffeb8400000 - 0x00007ffeb842d000 	C:\WINDOWS\SYSTEM32\WINMMBASE.dll
0x00007ffebbf20000 - 0x00007ffebbf6a000 	C:\WINDOWS\System32\cfgmgr32.dll
0x00007ffeba8b0000 - 0x00007ffeba8b9000 	C:\WINDOWS\SYSTEM32\WSOCK32.dll
0x00007ffebdcf0000 - 0x00007ffebdd5f000 	C:\WINDOWS\System32\WS2_32.dll
0x00007ffebbdc0000 - 0x00007ffebbdd1000 	C:\WINDOWS\System32\kernel.appcore.dll
0x00007ffeb7650000 - 0x00007ffeb7661000 	C:\Program Files\Java\jdk-11.0.4\bin\verify.dll
0x00007ffeba680000 - 0x00007ffeba874000 	C:\WINDOWS\SYSTEM32\DBGHELP.DLL
0x00007ffea3860000 - 0x00007ffea388a000 	C:\WINDOWS\SYSTEM32\dbgcore.DLL
0x00007ffeb74a0000 - 0x00007ffeb74c9000 	C:\Program Files\Java\jdk-11.0.4\bin\java.dll
0x00007ffe9e950000 - 0x00007ffe9e97f000 	C:\Program Files\Java\jdk-11.0.4\bin\instrument.dll
0x00007ffeb75f0000 - 0x00007ffeb7606000 	C:\Program Files\Java\jdk-11.0.4\bin\zip.dll
0x00007ffeb85f0000 - 0x00007ffeb85fa000 	C:\Program Files\Java\jdk-11.0.4\bin\jimage.dll
0x00007ffebd060000 - 0x00007ffebd745000 	C:\WINDOWS\System32\SHELL32.dll
0x00007ffebe640000 - 0x00007ffebe6e9000 	C:\WINDOWS\System32\shcore.dll
0x00007ffebc7b0000 - 0x00007ffebcf2e000 	C:\WINDOWS\System32\windows.storage.dll
0x00007ffebbde0000 - 0x00007ffebbdff000 	C:\WINDOWS\System32\profapi.dll
0x00007ffebbe00000 - 0x00007ffebbe4a000 	C:\WINDOWS\System32\powrprof.dll
0x00007ffebbdb0000 - 0x00007ffebbdc0000 	C:\WINDOWS\System32\UMPDC.dll
0x00007ffebdec0000 - 0x00007ffebdf12000 	C:\WINDOWS\System32\shlwapi.dll
0x00007ffebc220000 - 0x00007ffebc237000 	C:\WINDOWS\System32\cryptsp.dll
0x00007ffeafaa0000 - 0x00007ffeafab9000 	C:\Program Files\Java\jdk-11.0.4\bin\net.dll
0x00007ffeb0f30000 - 0x00007ffeb1020000 	C:\WINDOWS\SYSTEM32\WINHTTP.dll
0x00007ffead070000 - 0x00007ffead246000 	C:\WINDOWS\SYSTEM32\urlmon.dll
0x00007ffeadb80000 - 0x00007ffeade26000 	C:\WINDOWS\SYSTEM32\iertutil.dll
0x00007ffebb7f0000 - 0x00007ffebb7fc000 	C:\WINDOWS\SYSTEM32\CRYPTBASE.DLL
0x00007ffebb620000 - 0x00007ffebb687000 	C:\WINDOWS\system32\mswsock.dll
0x00007ffeafa60000 - 0x00007ffeafa73000 	C:\Program Files\Java\jdk-11.0.4\bin\nio.dll
0x00007ffeab820000 - 0x00007ffeab83a000 	C:\Program Files\JetBrains\IntelliJ IDEA 2018.3.2\bin\breakgen64.dll
0x00007ffeb7790000 - 0x00007ffeb7799000 	C:\Program Files\Java\jdk-11.0.4\bin\management.dll
0x00007ffeb7720000 - 0x00007ffeb772c000 	C:\Program Files\Java\jdk-11.0.4\bin\management_ext.dll
0x00007ffe9ed10000 - 0x00007ffe9ed26000 	C:\WINDOWS\system32\napinsp.dll
0x00007ffe9ec80000 - 0x00007ffe9ec9a000 	C:\WINDOWS\system32\pnrpnsp.dll
0x00007ffebb370000 - 0x00007ffebb43a000 	C:\WINDOWS\SYSTEM32\DNSAPI.dll
0x00007ffebdf20000 - 0x00007ffebdf28000 	C:\WINDOWS\System32\NSI.dll
0x00007ffebb330000 - 0x00007ffebb36a000 	C:\WINDOWS\SYSTEM32\IPHLPAPI.DLL
0x00007ffeb8640000 - 0x00007ffeb864e000 	C:\WINDOWS\System32\winrnr.dll
0x00007ffeb8620000 - 0x00007ffeb863c000 	C:\WINDOWS\system32\NLAapi.dll
0x00007ffe96c00000 - 0x00007ffe96c15000 	C:\WINDOWS\system32\wshbth.dll
0x00007ffeb0a70000 - 0x00007ffeb0a7a000 	C:\Windows\System32\rasadhlp.dll
0x00007ffeb0bf0000 - 0x00007ffeb0c67000 	C:\WINDOWS\System32\fwpuclnt.dll
0x00007ffebc530000 - 0x00007ffebc556000 	C:\WINDOWS\System32\bcrypt.dll
0x00007ffebb190000 - 0x00007ffebb1c3000 	C:\WINDOWS\system32\rsaenh.dll
0x00007ffebbcd0000 - 0x00007ffebbcf5000 	C:\WINDOWS\SYSTEM32\USERENV.dll
0x00007ffeb0e50000 - 0x00007ffeb0e66000 	C:\WINDOWS\SYSTEM32\dhcpcsvc6.DLL
0x00007ffeb0e30000 - 0x00007ffeb0e4c000 	C:\WINDOWS\SYSTEM32\dhcpcsvc.DLL

dbghelp: loaded successfully - version: 4.0.5 - missing functions: none
symbol engine: initialized successfully - sym options: 0x614 - pdb path: .;C:\Program Files\Java\jdk-11.0.4\bin;C:\WINDOWS\SYSTEM32;C:\WINDOWS\WinSxS\amd64_microsoft.windows.common-controls_6595b64144ccf1df_6.0.18362.476_none_e6c4b11b130f2595;C:\Program Files\Java\jdk-11.0.4\bin\server;C:\Program Files\JetBrains\IntelliJ IDEA 2018.3.2\bin

VM Arguments:
jvm_args: -XX:TieredStopAtLevel=1 -Xverify:none -Dspring.output.ansi.enabled=always -Dcom.sun.management.jmxremote -Dcom.sun.management.jmxremote.port=52039 -Dcom.sun.management.jmxremote.authenticate=false -Dcom.sun.management.jmxremote.ssl=false -Djava.rmi.server.hostname=localhost -Dspring.liveBeansView.mbeanDomain -Dspring.application.admin.enabled=true -javaagent:C:\Program Files\JetBrains\IntelliJ IDEA 2018.3.2\lib\idea_rt.jar=52040:C:\Program Files\JetBrains\IntelliJ IDEA 2018.3.2\bin -Dfile.encoding=UTF-8 
java_command: apap.tugas.situ.SituApplication
java_class_path (initial): C:\Users\Alya Isti Safira\Documents\SEMESTER 5\APAP\Tutorial\situ\TA_C_4\target\classes;C:\Users\Alya Isti Safira\.m2\repository\org\springframework\boot\spring-boot-starter-thymeleaf\2.1.9.RELEASE\spring-boot-starter-thymeleaf-2.1.9.RELEASE.jar;C:\Users\Alya Isti Safira\.m2\repository\org\springframework\boot\spring-boot-starter\2.1.9.RELEASE\spring-boot-starter-2.1.9.RELEASE.jar;C:\Users\Alya Isti Safira\.m2\repository\org\springframework\boot\spring-boot-starter-logging\2.1.9.RELEASE\spring-boot-starter-logging-2.1.9.RELEASE.jar;C:\Users\Alya Isti Safira\.m2\repository\ch\qos\logback\logback-classic\1.2.3\logback-classic-1.2.3.jar;C:\Users\Alya Isti Safira\.m2\repository\ch\qos\logback\logback-core\1.2.3\logback-core-1.2.3.jar;C:\Users\Alya Isti Safira\.m2\repository\org\apache\logging\log4j\log4j-to-slf4j\2.11.2\log4j-to-slf4j-2.11.2.jar;C:\Users\Alya Isti Safira\.m2\repository\org\apache\logging\log4j\log4j-api\2.11.2\log4j-api-2.11.2.jar;C:\Users\Alya Isti Safira\.m2\repository\org\slf4j\jul-to-slf4j\1.7.28\jul-to-slf4j-1.7.28.jar;C:\Users\Alya Isti Safira\.m2\repository\javax\annotation\javax.annotation-api\1.3.2\javax.annotation-api-1.3.2.jar;C:\Users\Alya Isti Safira\.m2\repository\org\yaml\snakeyaml\1.23\snakeyaml-1.23.jar;C:\Users\Alya Isti Safira\.m2\repository\org\thymeleaf\thymeleaf-spring5\3.0.11.RELEASE\thymeleaf-spring5-3.0.11.RELEASE.jar;C:\Users\Alya Isti Safira\.m2\repository\org\thymeleaf\thymeleaf\3.0.11.RELEASE\thymeleaf-3.0.11.RELEASE.jar;C:\Users\Alya Isti Safira\.m2\repository\org\attoparser\attoparser\2.0.5.RELEASE\attoparser-2.0.5.RELEASE.jar;C:\Users\Alya Isti Safira\.m2\repository\org\unbescape\unbescape\1.1.6.RELEASE\unbescape-1.1.6.RELEASE.jar;C:\Users\Alya Isti Safira\.m2\repository\org\slf4j\slf4j-api\1.7.28\slf4j-api-1.7.28.jar;C:\Users\Alya Isti Safira\.m2\repository\org\thymeleaf\extras\thymeleaf-extras-java8time\3.0.4.RELEASE\thymeleaf-extras-java8time-3.0.4.RELEASE.jar;C:\Users\Alya Isti Safira\.m2\
Launcher Type: SUN_STANDARD

[Global flags]
     bool BytecodeVerificationLocal                = false                                     {product} {command line}
     bool BytecodeVerificationRemote               = false                                     {product} {command line}
     intx CICompilerCount                          = 3                                         {product} {ergonomic}
     uint ConcGCThreads                            = 1                                         {product} {ergonomic}
     uint G1ConcRefinementThreads                  = 4                                         {product} {ergonomic}
   size_t G1HeapRegionSize                         = 1048576                                   {product} {ergonomic}
    uintx GCDrainStackTargetSize                   = 64                                        {product} {ergonomic}
   size_t InitialHeapSize                          = 134217728                                 {product} {ergonomic}
     bool ManagementServer                         = true                                      {product} {command line}
   size_t MarkStackSize                            = 4194304                                   {product} {ergonomic}
   size_t MaxHeapSize                              = 2118123520                                {product} {ergonomic}
   size_t MaxNewSize                               = 1270874112                                {product} {ergonomic}
   size_t MinHeapDeltaBytes                        = 1048576                                   {product} {ergonomic}
    uintx NonNMethodCodeHeapSize                   = 6973028                                {pd product} {ergonomic}
    uintx NonProfiledCodeHeapSize                  = 244685212                              {pd product} {ergonomic}
    uintx ProfiledCodeHeapSize                     = 0                                      {pd product} {ergonomic}
    uintx ReservedCodeCacheSize                    = 251658240                              {pd product} {ergonomic}
     bool SegmentedCodeCache                       = true                                      {product} {ergonomic}
     intx TieredStopAtLevel                        = 1                                         {product} {command line}
     bool UseCompressedClassPointers               = true                                 {lp64_product} {ergonomic}
     bool UseCompressedOops                        = true                                 {lp64_product} {ergonomic}
     bool UseG1GC                                  = true                                      {product} {ergonomic}
     bool UseLargePagesIndividualAllocation        = false                                  {pd product} {ergonomic}

Logging:
Log output configuration:
 #0: stdout all=warning uptime,level,tags
 #1: stderr all=off uptime,level,tags

Environment Variables:
JAVA_HOME=C:\Program Files\Java\jdk-9.0.1
PATH=C:\Program Files (x86)\Microsoft SDKs\Azure\CLI2\wbin;C:\Program Files\PostgreSQL\11\bin;C:\WINDOWS;C:\WINDOWS\System32\Wbem;C:\WINDOWS\System32\WindowsPowerShell\v1.0\;C:\WINDOWS\System32\OpenSSH\;C:\Program Files\Java\jdk-11.0.4\bin;C:\Program Files\Java\jdk-9.0.1\bin;C:\Program Files\Java\jre-9.0.1\bin;C:\Program Files\PuTTY\;C:\Program Files\Git\cmd\;C:\Program Files\Git\bin\;C:\Users\Alya Isti Safira\AppData\Local\Programs\Python\Python37-32\python.exe;C:\xampp\php;C:\ProgramData\ComposerSetup\bin;C:\WINDOWS\system32;C:\Program Files\nodejs\;C:\Ruby25-x64\bin;C:\Users\Alya Isti Safira\AppData\Local\Microsoft\WindowsApps;C:\Users\Alya Isti Safira\AppData\Local\Programs\Microsoft VS Code\bin;C:\Program Files\JetBrains\IntelliJ IDEA 2018.3.2\bin;;C:\Users\Alya Isti Safira\AppData\Local\Programs\Python\Python37-32\python.exe\;C:\Users\Alya Isti Safira\AppData\Local\Programs\Python\Python37-32\Scripts\;C:\Users\Alya Isti Safira\AppData\Roaming\Composer\vendor\bin;C:\Users\Alya Isti Safira\AppData\Roaming\npm
USERNAME=Alya Isti Safira
OS=Windows_NT
PROCESSOR_IDENTIFIER=Intel64 Family 6 Model 142 Stepping 9, GenuineIntel



---------------  S Y S T E M  ---------------

OS: Windows 10 , 64 bit Build 18362 (10.0.18362.329)

CPU:total 4 (initial active 4) (2 cores per cpu, 2 threads per core) family 6 model 142 stepping 9, cmov, cx8, fxsr, mmx, sse, sse2, sse3, ssse3, sse4.1, sse4.2, popcnt, avx, avx2, aes, clmul, erms, 3dnowpref, lzcnt, ht, tsc, tscinvbit, bmi1, bmi2, adx, fma

Memory: 4k page, system-wide physical 8077M (829M free)
TotalPageFile size 11077M (AvailPageFile size 36M)
current process WorkingSet (physical memory assigned to process): 260M, peak: 260M
current process commit charge ("private bytes"): 324M, peak: 374M

vm_info: Java HotSpot(TM) 64-Bit Server VM (11.0.4+10-LTS) for windows-amd64 JRE (11.0.4+10-LTS), built on Jul  4 2019 16:28:13 by "mach5one" with MS VC++ 15.5 (VS2017)

END.
